[2019-10-24 06:45:04] development.ERROR: Stripe\Error\Authentication: No API key provided.  (HINT: set your API key using "Stripe::setApiKey(<API-KEY>)".  You can generate API keys from the Stripe web interface.  See https://stripe.com/api for details, or email support@stripe.com if you have any questions. in C:\Users\Sudip\Desktop\Interview\bulk.ly\vendor\stripe\stripe-php\lib\ApiRequestor.php:219
Stack trace:
#0 C:\Users\Sudip\Desktop\Interview\bulk.ly\vendor\stripe\stripe-php\lib\ApiRequestor.php(64): Stripe\ApiRequestor->_requestRaw('get', '/v1/customers/c...', Array, Array)
#1 C:\Users\Sudip\Desktop\Interview\bulk.ly\vendor\stripe\stripe-php\lib\ApiResource.php(31): Stripe\ApiRequestor->request('get', '/v1/customers/c...', Array, Array)
#2 C:\Users\Sudip\Desktop\Interview\bulk.ly\vendor\stripe\stripe-php\lib\ApiResource.php(132): Stripe\ApiResource->refresh()
#3 C:\Users\Sudip\Desktop\Interview\bulk.ly\vendor\stripe\stripe-php\lib\Customer.php(40): Stripe\ApiResource::_retrieve('cus_AxqMtjMMU28...', '')
#4 C:\Users\Sudip\Desktop\Interview\bulk.ly\vendor\laravel\cashier\src\Billable.php(589): Stripe\Customer::retrieve('cus_AxqMtjMMU28...', '')
#5 C:\Users\Sudip\Desktop\Interview\bulk.ly\vendor\laravel\cashier\src\Billable.php(326): Bulkly\User->asStripeCustomer()
#6 C:\Users\Sudip\Desktop\Interview\bulk.ly\vendor\laravel\cashier\src\Billable.php(350): Bulkly\User->invoices(true, Array)
#7 C:\Users\Sudip\Desktop\Interview\bulk.ly\app\Http\Controllers\PagesController.php(31): Bulkly\User->invoicesIncludingPending()
#8 [internal function]: Bulkly\Http\Controllers\PagesController->settings()
#9 C:\Users\Sudip\Desktop\Interview\bulk.ly\vendor\laravel\framework\src\Illuminate\Routing\Controller.php(55): call_user_func_array(Array, Array)
#10 C:\Users\Sudip\Desktop\Interview\bulk.ly\vendor\laravel\framework\src\Illuminate\Routing\ControllerDispatcher.php(44): Illuminate\Routing\Controller->callAction('settings', Array)
#11 C:\Users\Sudip\Desktop\Interview\bulk.ly\vendor\laravel\framework\src\Illuminate\Routing\Route.php(203): Illuminate\Routing\ControllerDispatcher->dispatch(Object(Illuminate\Routing\Route), Object(Bulkly\Http\Controllers\PagesController), 'settings')
#12 C:\Users\Sudip\Desktop\Interview\bulk.ly\vendor\laravel\framework\src\Illuminate\Routing\Route.php(160): Illuminate\Routing\Route->runController()
#13 C:\Users\Sudip\Desktop\Interview\bulk.ly\vendor\laravel\framework\src\Illuminate\Routing\Router.php(572): Illuminate\Routing\Route->run()
#14 C:\Users\Sudip\Desktop\Interview\bulk.ly\vendor\laravel\framework\src\Illuminate\Routing\Pipeline.php(30): Illuminate\Routing\Router->Illuminate\Routing\{closure}(Object(Illuminate\Http\Request))
#15 C:\Users\Sudip\Desktop\Interview\bulk.ly\vendor\laravel\framework\src\Illuminate\Routing\Middleware\SubstituteBindings.php(41): Illuminate\Routing\Pipeline->Illuminate\Routing\{closure}(Object(Illuminate\Http\Request))
#16 C:\Users\Sudip\Desktop\Interview\bulk.ly\vendor\laravel\framework\src\Illuminate\Pipeline\Pipeline.php(148): Illuminate\Routing\Middleware\SubstituteBindings->handle(Object(Illuminate\Http\Request), Object(Closure))
#17 C:\Users\Sudip\Desktop\Interview\bulk.ly\vendor\laravel\framework\src\Illuminate\Routing\Pipeline.php(53): Illuminate\Pipeline\Pipeline->Illuminate\Pipeline\{closure}(Object(Illuminate\Http\Request))
#18 C:\Users\Sudip\Desktop\Interview\bulk.ly\vendor\laravel\framework\src\Illuminate\Foundation\Http\Middleware\VerifyCsrfToken.php(65): Illuminate\Routing\Pipeline->Illuminate\Routing\{closure}(Object(Illuminate\Http\Request))
#19 C:\Users\Sudip\Desktop\Interview\bulk.ly\vendor\laravel\framework\src\Illuminate\Pipeline\Pipeline.php(148): Illuminate\Foundation\Http\Middleware\VerifyCsrfToken->handle(Object(Illuminate\Http\Request), Object(Closure))
#20 C:\Users\Sudip\Desktop\Interview\bulk.ly\vendor\laravel\framework\src\Illuminate\Routing\Pipeline.php(53): Illuminate\Pipeline\Pipeline->Illuminate\Pipeline\{closure}(Object(Illuminate\Http\Request))
#21 C:\Users\Sudip\Desktop\Interview\bulk.ly\vendor\laravel\framework\src\Illuminate\View\Middleware\ShareErrorsFromSession.php(49): Illuminate\Routing\Pipeline->Illuminate\Routing\{closure}(Object(Illuminate\Http\Request))
#22 C:\Users\Sudip\Desktop\Interview\bulk.ly\vendor\laravel\framework\src\Illuminate\Pipeline\Pipeline.php(148): Illuminate\View\Middleware\ShareErrorsFromSession->handle(Object(Illuminate\Http\Request), Object(Closure))
#23 C:\Users\Sudip\Desktop\Interview\bulk.ly\vendor\laravel\framework\src\Illuminate\Routing\Pipeline.php(53): Illuminate\Pipeline\Pipeline->Illuminate\Pipeline\{closure}(Object(Illuminate\Http\Request))
#24 C:\Users\Sudip\Desktop\Interview\bulk.ly\vendor\laravel\framework\src\Illuminate\Session\Middleware\StartSession.php(64): Illuminate\Routing\Pipeline->Illuminate\Routing\{closure}(Object(Illuminate\Http\Request))
#25 C:\Users\Sudip\Desktop\Interview\bulk.ly\vendor\laravel\framework\src\Illuminate\Pipeline\Pipeline.php(148): Illuminate\Session\Middleware\StartSession->handle(Object(Illuminate\Http\Request), Object(Closure))
#26 C:\Users\Sudip\Desktop\Interview\bulk.ly\vendor\laravel\framework\src\Illuminate\Routing\Pipeline.php(53): Illuminate\Pipeline\Pipeline->Illuminate\Pipeline\{closure}(Object(Illuminate\Http\Request))
#27 C:\Users\Sudip\Desktop\Interview\bulk.ly\vendor\laravel\framework\src\Illuminate\Cookie\Middleware\AddQueuedCookiesToResponse.php(37): Illuminate\Routing\Pipeline->Illuminate\Routing\{closure}(Object(Illuminate\Http\Request))
#28 C:\Users\Sudip\Desktop\Interview\bulk.ly\vendor\laravel\framework\src\Illuminate\Pipeline\Pipeline.php(148): Illuminate\Cookie\Middleware\AddQueuedCookiesToResponse->handle(Object(Illuminate\Http\Request), Object(Closure))
#29 C:\Users\Sudip\Desktop\Interview\bulk.ly\vendor\laravel\framework\src\Illuminate\Routing\Pipeline.php(53): Illuminate\Pipeline\Pipeline->Illuminate\Pipeline\{closure}(Object(Illuminate\Http\Request))
#30 C:\Users\Sudip\Desktop\Interview\bulk.ly\vendor\laravel\framework\src\Illuminate\Cookie\Middleware\EncryptCookies.php(59): Illuminate\Routing\Pipeline->Illuminate\Routing\{closure}(Object(Illuminate\Http\Request))
#31 C:\Users\Sudip\Desktop\Interview\bulk.ly\vendor\laravel\framework\src\Illuminate\Pipeline\Pipeline.php(148): Illuminate\Cookie\Middleware\EncryptCookies->handle(Object(Illuminate\Http\Request), Object(Closure))
#32 C:\Users\Sudip\Desktop\Interview\bulk.ly\vendor\laravel\framework\src\Illuminate\Routing\Pipeline.php(53): Illuminate\Pipeline\Pipeline->Illuminate\Pipeline\{closure}(Object(Illuminate\Http\Request))
#33 C:\Users\Sudip\Desktop\Interview\bulk.ly\vendor\laravel\framework\src\Illuminate\Pipeline\Pipeline.php(102): Illuminate\Routing\Pipeline->Illuminate\Routing\{closure}(Object(Illuminate\Http\Request))
#34 C:\Users\Sudip\Desktop\Interview\bulk.ly\vendor\laravel\framework\src\Illuminate\Routing\Router.php(574): Illuminate\Pipeline\Pipeline->then(Object(Closure))
#35 C:\Users\Sudip\Desktop\Interview\bulk.ly\vendor\laravel\framework\src\Illuminate\Routing\Router.php(533): Illuminate\Routing\Router->runRouteWithinStack(Object(Illuminate\Routing\Route), Object(Illuminate\Http\Request))
#36 C:\Users\Sudip\Desktop\Interview\bulk.ly\vendor\laravel\framework\src\Illuminate\Routing\Router.php(511): Illuminate\Routing\Router->dispatchToRoute(Object(Illuminate\Http\Request))
#37 C:\Users\Sudip\Desktop\Interview\bulk.ly\vendor\laravel\framework\src\Illuminate\Foundation\Http\Kernel.php(176): Illuminate\Routing\Router->dispatch(Object(Illuminate\Http\Request))
#38 C:\Users\Sudip\Desktop\Interview\bulk.ly\vendor\laravel\framework\src\Illuminate\Routing\Pipeline.php(30): Illuminate\Foundation\Http\Kernel->Illuminate\Foundation\Http\{closure}(Object(Illuminate\Http\Request))
#39 C:\Users\Sudip\Desktop\Interview\bulk.ly\vendor\laravel\framework\src\Illuminate\Foundation\Http\Middleware\TransformsRequest.php(30): Illuminate\Routing\Pipeline->Illuminate\Routing\{closure}(Object(Illuminate\Http\Request))
#40 C:\Users\Sudip\Desktop\Interview\bulk.ly\vendor\laravel\framework\src\Illuminate\Pipeline\Pipeline.php(148): Illuminate\Foundation\Http\Middleware\TransformsRequest->handle(Object(Illuminate\Http\Request), Object(Closure))
#41 C:\Users\Sudip\Desktop\Interview\bulk.ly\vendor\laravel\framework\src\Illuminate\Routing\Pipeline.php(53): Illuminate\Pipeline\Pipeline->Illuminate\Pipeline\{closure}(Object(Illuminate\Http\Request))
#42 C:\Users\Sudip\Desktop\Interview\bulk.ly\vendor\laravel\framework\src\Illuminate\Foundation\Http\Middleware\TransformsRequest.php(30): Illuminate\Routing\Pipeline->Illuminate\Routing\{closure}(Object(Illuminate\Http\Request))
#43 C:\Users\Sudip\Desktop\Interview\bulk.ly\vendor\laravel\framework\src\Illuminate\Pipeline\Pipeline.php(148): Illuminate\Foundation\Http\Middleware\TransformsRequest->handle(Object(Illuminate\Http\Request), Object(Closure))
#44 C:\Users\Sudip\Desktop\Interview\bulk.ly\vendor\laravel\framework\src\Illuminate\Routing\Pipeline.php(53): Illuminate\Pipeline\Pipeline->Illuminate\Pipeline\{closure}(Object(Illuminate\Http\Request))
#45 C:\Users\Sudip\Desktop\Interview\bulk.ly\vendor\laravel\framework\src\Illuminate\Foundation\Http\Middleware\ValidatePostSize.php(27): Illuminate\Routing\Pipeline->Illuminate\Routing\{closure}(Object(Illuminate\Http\Request))
#46 C:\Users\Sudip\Desktop\Interview\bulk.ly\vendor\laravel\framework\src\Illuminate\Pipeline\Pipeline.php(148): Illuminate\Foundation\Http\Middleware\ValidatePostSize->handle(Object(Illuminate\Http\Request), Object(Closure))
#47 C:\Users\Sudip\Desktop\Interview\bulk.ly\vendor\laravel\framework\src\Illuminate\Routing\Pipeline.php(53): Illuminate\Pipeline\Pipeline->Illuminate\Pipeline\{closure}(Object(Illuminate\Http\Request))
#48 C:\Users\Sudip\Desktop\Interview\bulk.ly\vendor\laravel\framework\src\Illuminate\Foundation\Http\Middleware\CheckForMaintenanceMode.php(46): Illuminate\Routing\Pipeline->Illuminate\Routing\{closure}(Object(Illuminate\Http\Request))
#49 C:\Users\Sudip\Desktop\Interview\bulk.ly\vendor\laravel\framework\src\Illuminate\Pipeline\Pipeline.php(148): Illuminate\Foundation\Http\Middleware\CheckForMaintenanceMode->handle(Object(Illuminate\Http\Request), Object(Closure))
#50 C:\Users\Sudip\Desktop\Interview\bulk.ly\vendor\laravel\framework\src\Illuminate\Routing\Pipeline.php(53): Illuminate\Pipeline\Pipeline->Illuminate\Pipeline\{closure}(Object(Illuminate\Http\Request))
#51 C:\Users\Sudip\Desktop\Interview\bulk.ly\vendor\laravel\framework\src\Illuminate\Pipeline\Pipeline.php(102): Illuminate\Routing\Pipeline->Illuminate\Routing\{closure}(Object(Illuminate\Http\Request))
#52 C:\Users\Sudip\Desktop\Interview\bulk.ly\vendor\laravel\framework\src\Illuminate\Foundation\Http\Kernel.php(151): Illuminate\Pipeline\Pipeline->then(Object(Closure))
#53 C:\Users\Sudip\Desktop\Interview\bulk.ly\vendor\laravel\framework\src\Illuminate\Foundation\Http\Kernel.php(116): Illuminate\Foundation\Http\Kernel->sendRequestThroughRouter(Object(Illuminate\Http\Request))
#54 C:\Users\Sudip\Desktop\Interview\bulk.ly\public\index.php(53): Illuminate\Foundation\Http\Kernel->handle(Object(Illuminate\Http\Request))
#55 C:\Users\Sudip\Desktop\Interview\bulk.ly\server.php(21): require_once('C:\\Users\\Sudip\\...')
#56 {main}  
[2020-07-19 05:06:05] development.ERROR: Exception: DateTimeZone::__construct(): Unknown or bad timezone () in K:\PHP7.4\htdocs\laravel\study\shagor-sarder-coding-test\app\Http\Controllers\AjaxController.php:261
Stack trace:
#0 K:\PHP7.4\htdocs\laravel\study\shagor-sarder-coding-test\app\Http\Controllers\AjaxController.php(261): DateTimeZone->__construct('')
#1 K:\PHP7.4\htdocs\laravel\study\shagor-sarder-coding-test\app\Http\Controllers\AjaxController.php(591): Bulkly\Http\Controllers\AjaxController->group_id('Untitled', 'upload', 'online', '', '', Array)
#2 [internal function]: Bulkly\Http\Controllers\AjaxController->AddContentOnline(Object(Illuminate\Http\Request))
#3 K:\PHP7.4\htdocs\laravel\study\shagor-sarder-coding-test\vendor\laravel\framework\src\Illuminate\Routing\Controller.php(55): call_user_func_array(Array, Array)
#4 K:\PHP7.4\htdocs\laravel\study\shagor-sarder-coding-test\vendor\laravel\framework\src\Illuminate\Routing\ControllerDispatcher.php(44): Illuminate\Routing\Controller->callAction('AddContentOnlin...', Array)
#5 K:\PHP7.4\htdocs\laravel\study\shagor-sarder-coding-test\vendor\laravel\framework\src\Illuminate\Routing\Route.php(203): Illuminate\Routing\ControllerDispatcher->dispatch(Object(Illuminate\Routing\Route), Object(Bulkly\Http\Controllers\AjaxController), 'AddContentOnlin...')
#6 K:\PHP7.4\htdocs\laravel\study\shagor-sarder-coding-test\vendor\laravel\framework\src\Illuminate\Routing\Route.php(160): Illuminate\Routing\Route->runController()
#7 K:\PHP7.4\htdocs\laravel\study\shagor-sarder-coding-test\vendor\laravel\framework\src\Illuminate\Routing\Router.php(572): Illuminate\Routing\Route->run()
#8 K:\PHP7.4\htdocs\laravel\study\shagor-sarder-coding-test\vendor\laravel\framework\src\Illuminate\Routing\Pipeline.php(30): Illuminate\Routing\Router->Illuminate\Routing\{closure}(Object(Illuminate\Http\Request))
#9 K:\PHP7.4\htdocs\laravel\study\shagor-sarder-coding-test\vendor\laravel\framework\src\Illuminate\Routing\Middleware\SubstituteBindings.php(41): Illuminate\Routing\Pipeline->Illuminate\Routing\{closure}(Object(Illuminate\Http\Request))
#10 K:\PHP7.4\htdocs\laravel\study\shagor-sarder-coding-test\vendor\laravel\framework\src\Illuminate\Pipeline\Pipeline.php(148): Illuminate\Routing\Middleware\SubstituteBindings->handle(Object(Illuminate\Http\Request), Object(Closure))
#11 K:\PHP7.4\htdocs\laravel\study\shagor-sarder-coding-test\vendor\laravel\framework\src\Illuminate\Routing\Pipeline.php(53): Illuminate\Pipeline\Pipeline->Illuminate\Pipeline\{closure}(Object(Illuminate\Http\Request))
#12 K:\PHP7.4\htdocs\laravel\study\shagor-sarder-coding-test\vendor\laravel\framework\src\Illuminate\Foundation\Http\Middleware\VerifyCsrfToken.php(65): Illuminate\Routing\Pipeline->Illuminate\Routing\{closure}(Object(Illuminate\Http\Request))
#13 K:\PHP7.4\htdocs\laravel\study\shagor-sarder-coding-test\vendor\laravel\framework\src\Illuminate\Pipeline\Pipeline.php(148): Illuminate\Foundation\Http\Middleware\VerifyCsrfToken->handle(Object(Illuminate\Http\Request), Object(Closure))
#14 K:\PHP7.4\htdocs\laravel\study\shagor-sarder-coding-test\vendor\laravel\framework\src\Illuminate\Routing\Pipeline.php(53): Illuminate\Pipeline\Pipeline->Illuminate\Pipeline\{closure}(Object(Illuminate\Http\Request))
#15 K:\PHP7.4\htdocs\laravel\study\shagor-sarder-coding-test\vendor\laravel\framework\src\Illuminate\View\Middleware\ShareErrorsFromSession.php(49): Illuminate\Routing\Pipeline->Illuminate\Routing\{closure}(Object(Illuminate\Http\Request))
#16 K:\PHP7.4\htdocs\laravel\study\shagor-sarder-coding-test\vendor\laravel\framework\src\Illuminate\Pipeline\Pipeline.php(148): Illuminate\View\Middleware\ShareErrorsFromSession->handle(Object(Illuminate\Http\Request), Object(Closure))
#17 K:\PHP7.4\htdocs\laravel\study\shagor-sarder-coding-test\vendor\laravel\framework\src\Illuminate\Routing\Pipeline.php(53): Illuminate\Pipeline\Pipeline->Illuminate\Pipeline\{closure}(Object(Illuminate\Http\Request))
#18 K:\PHP7.4\htdocs\laravel\study\shagor-sarder-coding-test\vendor\laravel\framework\src\Illuminate\Session\Middleware\StartSession.php(64): Illuminate\Routing\Pipeline->Illuminate\Routing\{closure}(Object(Illuminate\Http\Request))
#19 K:\PHP7.4\htdocs\laravel\study\shagor-sarder-coding-test\vendor\laravel\framework\src\Illuminate\Pipeline\Pipeline.php(148): Illuminate\Session\Middleware\StartSession->handle(Object(Illuminate\Http\Request), Object(Closure))
#20 K:\PHP7.4\htdocs\laravel\study\shagor-sarder-coding-test\vendor\laravel\framework\src\Illuminate\Routing\Pipeline.php(53): Illuminate\Pipeline\Pipeline->Illuminate\Pipeline\{closure}(Object(Illuminate\Http\Request))
#21 K:\PHP7.4\htdocs\laravel\study\shagor-sarder-coding-test\vendor\laravel\framework\src\Illuminate\Cookie\Middleware\AddQueuedCookiesToResponse.php(37): Illuminate\Routing\Pipeline->Illuminate\Routing\{closure}(Object(Illuminate\Http\Request))
#22 K:\PHP7.4\htdocs\laravel\study\shagor-sarder-coding-test\vendor\laravel\framework\src\Illuminate\Pipeline\Pipeline.php(148): Illuminate\Cookie\Middleware\AddQueuedCookiesToResponse->handle(Object(Illuminate\Http\Request), Object(Closure))
#23 K:\PHP7.4\htdocs\laravel\study\shagor-sarder-coding-test\vendor\laravel\framework\src\Illuminate\Routing\Pipeline.php(53): Illuminate\Pipeline\Pipeline->Illuminate\Pipeline\{closure}(Object(Illuminate\Http\Request))
#24 K:\PHP7.4\htdocs\laravel\study\shagor-sarder-coding-test\vendor\laravel\framework\src\Illuminate\Cookie\Middleware\EncryptCookies.php(59): Illuminate\Routing\Pipeline->Illuminate\Routing\{closure}(Object(Illuminate\Http\Request))
#25 K:\PHP7.4\htdocs\laravel\study\shagor-sarder-coding-test\vendor\laravel\framework\src\Illuminate\Pipeline\Pipeline.php(148): Illuminate\Cookie\Middleware\EncryptCookies->handle(Object(Illuminate\Http\Request), Object(Closure))
#26 K:\PHP7.4\htdocs\laravel\study\shagor-sarder-coding-test\vendor\laravel\framework\src\Illuminate\Routing\Pipeline.php(53): Illuminate\Pipeline\Pipeline->Illuminate\Pipeline\{closure}(Object(Illuminate\Http\Request))
#27 K:\PHP7.4\htdocs\laravel\study\shagor-sarder-coding-test\vendor\laravel\framework\src\Illuminate\Pipeline\Pipeline.php(102): Illuminate\Routing\Pipeline->Illuminate\Routing\{closure}(Object(Illuminate\Http\Request))
#28 K:\PHP7.4\htdocs\laravel\study\shagor-sarder-coding-test\vendor\laravel\framework\src\Illuminate\Routing\Router.php(574): Illuminate\Pipeline\Pipeline->then(Object(Closure))
#29 K:\PHP7.4\htdocs\laravel\study\shagor-sarder-coding-test\vendor\laravel\framework\src\Illuminate\Routing\Router.php(533): Illuminate\Routing\Router->runRouteWithinStack(Object(Illuminate\Routing\Route), Object(Illuminate\Http\Request))
#30 K:\PHP7.4\htdocs\laravel\study\shagor-sarder-coding-test\vendor\laravel\framework\src\Illuminate\Routing\Router.php(511): Illuminate\Routing\Router->dispatchToRoute(Object(Illuminate\Http\Request))
#31 K:\PHP7.4\htdocs\laravel\study\shagor-sarder-coding-test\vendor\laravel\framework\src\Illuminate\Foundation\Http\Kernel.php(176): Illuminate\Routing\Router->dispatch(Object(Illuminate\Http\Request))
#32 K:\PHP7.4\htdocs\laravel\study\shagor-sarder-coding-test\vendor\laravel\framework\src\Illuminate\Routing\Pipeline.php(30): Illuminate\Foundation\Http\Kernel->Illuminate\Foundation\Http\{closure}(Object(Illuminate\Http\Request))
#33 K:\PHP7.4\htdocs\laravel\study\shagor-sarder-coding-test\vendor\laravel\framework\src\Illuminate\Foundation\Http\Middleware\TransformsRequest.php(30): Illuminate\Routing\Pipeline->Illuminate\Routing\{closure}(Object(Illuminate\Http\Request))
#34 K:\PHP7.4\htdocs\laravel\study\shagor-sarder-coding-test\vendor\laravel\framework\src\Illuminate\Pipeline\Pipeline.php(148): Illuminate\Foundation\Http\Middleware\TransformsRequest->handle(Object(Illuminate\Http\Request), Object(Closure))
#35 K:\PHP7.4\htdocs\laravel\study\shagor-sarder-coding-test\vendor\laravel\framework\src\Illuminate\Routing\Pipeline.php(53): Illuminate\Pipeline\Pipeline->Illuminate\Pipeline\{closure}(Object(Illuminate\Http\Request))
#36 K:\PHP7.4\htdocs\laravel\study\shagor-sarder-coding-test\vendor\laravel\framework\src\Illuminate\Foundation\Http\Middleware\TransformsRequest.php(30): Illuminate\Routing\Pipeline->Illuminate\Routing\{closure}(Object(Illuminate\Http\Request))
#37 K:\PHP7.4\htdocs\laravel\study\shagor-sarder-coding-test\vendor\laravel\framework\src\Illuminate\Pipeline\Pipeline.php(148): Illuminate\Foundation\Http\Middleware\TransformsRequest->handle(Object(Illuminate\Http\Request), Object(Closure))
#38 K:\PHP7.4\htdocs\laravel\study\shagor-sarder-coding-test\vendor\laravel\framework\src\Illuminate\Routing\Pipeline.php(53): Illuminate\Pipeline\Pipeline->Illuminate\Pipeline\{closure}(Object(Illuminate\Http\Request))
#39 K:\PHP7.4\htdocs\laravel\study\shagor-sarder-coding-test\vendor\laravel\framework\src\Illuminate\Foundation\Http\Middleware\ValidatePostSize.php(27): Illuminate\Routing\Pipeline->Illuminate\Routing\{closure}(Object(Illuminate\Http\Request))
#40 K:\PHP7.4\htdocs\laravel\study\shagor-sarder-coding-test\vendor\laravel\framework\src\Illuminate\Pipeline\Pipeline.php(148): Illuminate\Foundation\Http\Middleware\ValidatePostSize->handle(Object(Illuminate\Http\Request), Object(Closure))
#41 K:\PHP7.4\htdocs\laravel\study\shagor-sarder-coding-test\vendor\laravel\framework\src\Illuminate\Routing\Pipeline.php(53): Illuminate\Pipeline\Pipeline->Illuminate\Pipeline\{closure}(Object(Illuminate\Http\Request))
#42 K:\PHP7.4\htdocs\laravel\study\shagor-sarder-coding-test\vendor\laravel\framework\src\Illuminate\Foundation\Http\Middleware\CheckForMaintenanceMode.php(46): Illuminate\Routing\Pipeline->Illuminate\Routing\{closure}(Object(Illuminate\Http\Request))
#43 K:\PHP7.4\htdocs\laravel\study\shagor-sarder-coding-test\vendor\laravel\framework\src\Illuminate\Pipeline\Pipeline.php(148): Illuminate\Foundation\Http\Middleware\CheckForMaintenanceMode->handle(Object(Illuminate\Http\Request), Object(Closure))
#44 K:\PHP7.4\htdocs\laravel\study\shagor-sarder-coding-test\vendor\laravel\framework\src\Illuminate\Routing\Pipeline.php(53): Illuminate\Pipeline\Pipeline->Illuminate\Pipeline\{closure}(Object(Illuminate\Http\Request))
#45 K:\PHP7.4\htdocs\laravel\study\shagor-sarder-coding-test\vendor\laravel\framework\src\Illuminate\Pipeline\Pipeline.php(102): Illuminate\Routing\Pipeline->Illuminate\Routing\{closure}(Object(Illuminate\Http\Request))
#46 K:\PHP7.4\htdocs\laravel\study\shagor-sarder-coding-test\vendor\laravel\framework\src\Illuminate\Foundation\Http\Kernel.php(151): Illuminate\Pipeline\Pipeline->then(Object(Closure))
#47 K:\PHP7.4\htdocs\laravel\study\shagor-sarder-coding-test\vendor\laravel\framework\src\Illuminate\Foundation\Http\Kernel.php(116): Illuminate\Foundation\Http\Kernel->sendRequestThroughRouter(Object(Illuminate\Http\Request))
#48 K:\PHP7.4\htdocs\laravel\study\shagor-sarder-coding-test\public\index.php(53): Illuminate\Foundation\Http\Kernel->handle(Object(Illuminate\Http\Request))
#49 K:\PHP7.4\htdocs\laravel\study\shagor-sarder-coding-test\server.php(21): require_once('K:\\PHP7.4\\htdoc...')
#50 {main}  
[2020-07-19 05:06:58] development.ERROR: Exception: DateTimeZone::__construct(): Unknown or bad timezone () in K:\PHP7.4\htdocs\laravel\study\shagor-sarder-coding-test\app\Http\Controllers\AjaxController.php:261
Stack trace:
#0 K:\PHP7.4\htdocs\laravel\study\shagor-sarder-coding-test\app\Http\Controllers\AjaxController.php(261): DateTimeZone->__construct('')
#1 K:\PHP7.4\htdocs\laravel\study\shagor-sarder-coding-test\app\Http\Controllers\AjaxController.php(326): Bulkly\Http\Controllers\AjaxController->group_id('Bulkly Roundup ...', 'upload', 'csv', 'bulkly-content-...', '', Array)
#2 [internal function]: Bulkly\Http\Controllers\AjaxController->CsvToContentUpload(Object(Illuminate\Http\Request))
#3 K:\PHP7.4\htdocs\laravel\study\shagor-sarder-coding-test\vendor\laravel\framework\src\Illuminate\Routing\Controller.php(55): call_user_func_array(Array, Array)
#4 K:\PHP7.4\htdocs\laravel\study\shagor-sarder-coding-test\vendor\laravel\framework\src\Illuminate\Routing\ControllerDispatcher.php(44): Illuminate\Routing\Controller->callAction('CsvToContentUpl...', Array)
#5 K:\PHP7.4\htdocs\laravel\study\shagor-sarder-coding-test\vendor\laravel\framework\src\Illuminate\Routing\Route.php(203): Illuminate\Routing\ControllerDispatcher->dispatch(Object(Illuminate\Routing\Route), Object(Bulkly\Http\Controllers\AjaxController), 'CsvToContentUpl...')
#6 K:\PHP7.4\htdocs\laravel\study\shagor-sarder-coding-test\vendor\laravel\framework\src\Illuminate\Routing\Route.php(160): Illuminate\Routing\Route->runController()
#7 K:\PHP7.4\htdocs\laravel\study\shagor-sarder-coding-test\vendor\laravel\framework\src\Illuminate\Routing\Router.php(572): Illuminate\Routing\Route->run()
#8 K:\PHP7.4\htdocs\laravel\study\shagor-sarder-coding-test\vendor\laravel\framework\src\Illuminate\Routing\Pipeline.php(30): Illuminate\Routing\Router->Illuminate\Routing\{closure}(Object(Illuminate\Http\Request))
#9 K:\PHP7.4\htdocs\laravel\study\shagor-sarder-coding-test\vendor\laravel\framework\src\Illuminate\Routing\Middleware\SubstituteBindings.php(41): Illuminate\Routing\Pipeline->Illuminate\Routing\{closure}(Object(Illuminate\Http\Request))
#10 K:\PHP7.4\htdocs\laravel\study\shagor-sarder-coding-test\vendor\laravel\framework\src\Illuminate\Pipeline\Pipeline.php(148): Illuminate\Routing\Middleware\SubstituteBindings->handle(Object(Illuminate\Http\Request), Object(Closure))
#11 K:\PHP7.4\htdocs\laravel\study\shagor-sarder-coding-test\vendor\laravel\framework\src\Illuminate\Routing\Pipeline.php(53): Illuminate\Pipeline\Pipeline->Illuminate\Pipeline\{closure}(Object(Illuminate\Http\Request))
#12 K:\PHP7.4\htdocs\laravel\study\shagor-sarder-coding-test\vendor\laravel\framework\src\Illuminate\Foundation\Http\Middleware\VerifyCsrfToken.php(65): Illuminate\Routing\Pipeline->Illuminate\Routing\{closure}(Object(Illuminate\Http\Request))
#13 K:\PHP7.4\htdocs\laravel\study\shagor-sarder-coding-test\vendor\laravel\framework\src\Illuminate\Pipeline\Pipeline.php(148): Illuminate\Foundation\Http\Middleware\VerifyCsrfToken->handle(Object(Illuminate\Http\Request), Object(Closure))
#14 K:\PHP7.4\htdocs\laravel\study\shagor-sarder-coding-test\vendor\laravel\framework\src\Illuminate\Routing\Pipeline.php(53): Illuminate\Pipeline\Pipeline->Illuminate\Pipeline\{closure}(Object(Illuminate\Http\Request))
#15 K:\PHP7.4\htdocs\laravel\study\shagor-sarder-coding-test\vendor\laravel\framework\src\Illuminate\View\Middleware\ShareErrorsFromSession.php(49): Illuminate\Routing\Pipeline->Illuminate\Routing\{closure}(Object(Illuminate\Http\Request))
#16 K:\PHP7.4\htdocs\laravel\study\shagor-sarder-coding-test\vendor\laravel\framework\src\Illuminate\Pipeline\Pipeline.php(148): Illuminate\View\Middleware\ShareErrorsFromSession->handle(Object(Illuminate\Http\Request), Object(Closure))
#17 K:\PHP7.4\htdocs\laravel\study\shagor-sarder-coding-test\vendor\laravel\framework\src\Illuminate\Routing\Pipeline.php(53): Illuminate\Pipeline\Pipeline->Illuminate\Pipeline\{closure}(Object(Illuminate\Http\Request))
#18 K:\PHP7.4\htdocs\laravel\study\shagor-sarder-coding-test\vendor\laravel\framework\src\Illuminate\Session\Middleware\StartSession.php(64): Illuminate\Routing\Pipeline->Illuminate\Routing\{closure}(Object(Illuminate\Http\Request))
#19 K:\PHP7.4\htdocs\laravel\study\shagor-sarder-coding-test\vendor\laravel\framework\src\Illuminate\Pipeline\Pipeline.php(148): Illuminate\Session\Middleware\StartSession->handle(Object(Illuminate\Http\Request), Object(Closure))
#20 K:\PHP7.4\htdocs\laravel\study\shagor-sarder-coding-test\vendor\laravel\framework\src\Illuminate\Routing\Pipeline.php(53): Illuminate\Pipeline\Pipeline->Illuminate\Pipeline\{closure}(Object(Illuminate\Http\Request))
#21 K:\PHP7.4\htdocs\laravel\study\shagor-sarder-coding-test\vendor\laravel\framework\src\Illuminate\Cookie\Middleware\AddQueuedCookiesToResponse.php(37): Illuminate\Routing\Pipeline->Illuminate\Routing\{closure}(Object(Illuminate\Http\Request))
#22 K:\PHP7.4\htdocs\laravel\study\shagor-sarder-coding-test\vendor\laravel\framework\src\Illuminate\Pipeline\Pipeline.php(148): Illuminate\Cookie\Middleware\AddQueuedCookiesToResponse->handle(Object(Illuminate\Http\Request), Object(Closure))
#23 K:\PHP7.4\htdocs\laravel\study\shagor-sarder-coding-test\vendor\laravel\framework\src\Illuminate\Routing\Pipeline.php(53): Illuminate\Pipeline\Pipeline->Illuminate\Pipeline\{closure}(Object(Illuminate\Http\Request))
#24 K:\PHP7.4\htdocs\laravel\study\shagor-sarder-coding-test\vendor\laravel\framework\src\Illuminate\Cookie\Middleware\EncryptCookies.php(59): Illuminate\Routing\Pipeline->Illuminate\Routing\{closure}(Object(Illuminate\Http\Request))
#25 K:\PHP7.4\htdocs\laravel\study\shagor-sarder-coding-test\vendor\laravel\framework\src\Illuminate\Pipeline\Pipeline.php(148): Illuminate\Cookie\Middleware\EncryptCookies->handle(Object(Illuminate\Http\Request), Object(Closure))
#26 K:\PHP7.4\htdocs\laravel\study\shagor-sarder-coding-test\vendor\laravel\framework\src\Illuminate\Routing\Pipeline.php(53): Illuminate\Pipeline\Pipeline->Illuminate\Pipeline\{closure}(Object(Illuminate\Http\Request))
#27 K:\PHP7.4\htdocs\laravel\study\shagor-sarder-coding-test\vendor\laravel\framework\src\Illuminate\Pipeline\Pipeline.php(102): Illuminate\Routing\Pipeline->Illuminate\Routing\{closure}(Object(Illuminate\Http\Request))
#28 K:\PHP7.4\htdocs\laravel\study\shagor-sarder-coding-test\vendor\laravel\framework\src\Illuminate\Routing\Router.php(574): Illuminate\Pipeline\Pipeline->then(Object(Closure))
#29 K:\PHP7.4\htdocs\laravel\study\shagor-sarder-coding-test\vendor\laravel\framework\src\Illuminate\Routing\Router.php(533): Illuminate\Routing\Router->runRouteWithinStack(Object(Illuminate\Routing\Route), Object(Illuminate\Http\Request))
#30 K:\PHP7.4\htdocs\laravel\study\shagor-sarder-coding-test\vendor\laravel\framework\src\Illuminate\Routing\Router.php(511): Illuminate\Routing\Router->dispatchToRoute(Object(Illuminate\Http\Request))
#31 K:\PHP7.4\htdocs\laravel\study\shagor-sarder-coding-test\vendor\laravel\framework\src\Illuminate\Foundation\Http\Kernel.php(176): Illuminate\Routing\Router->dispatch(Object(Illuminate\Http\Request))
#32 K:\PHP7.4\htdocs\laravel\study\shagor-sarder-coding-test\vendor\laravel\framework\src\Illuminate\Routing\Pipeline.php(30): Illuminate\Foundation\Http\Kernel->Illuminate\Foundation\Http\{closure}(Object(Illuminate\Http\Request))
#33 K:\PHP7.4\htdocs\laravel\study\shagor-sarder-coding-test\vendor\laravel\framework\src\Illuminate\Foundation\Http\Middleware\TransformsRequest.php(30): Illuminate\Routing\Pipeline->Illuminate\Routing\{closure}(Object(Illuminate\Http\Request))
#34 K:\PHP7.4\htdocs\laravel\study\shagor-sarder-coding-test\vendor\laravel\framework\src\Illuminate\Pipeline\Pipeline.php(148): Illuminate\Foundation\Http\Middleware\TransformsRequest->handle(Object(Illuminate\Http\Request), Object(Closure))
#35 K:\PHP7.4\htdocs\laravel\study\shagor-sarder-coding-test\vendor\laravel\framework\src\Illuminate\Routing\Pipeline.php(53): Illuminate\Pipeline\Pipeline->Illuminate\Pipeline\{closure}(Object(Illuminate\Http\Request))
#36 K:\PHP7.4\htdocs\laravel\study\shagor-sarder-coding-test\vendor\laravel\framework\src\Illuminate\Foundation\Http\Middleware\TransformsRequest.php(30): Illuminate\Routing\Pipeline->Illuminate\Routing\{closure}(Object(Illuminate\Http\Request))
#37 K:\PHP7.4\htdocs\laravel\study\shagor-sarder-coding-test\vendor\laravel\framework\src\Illuminate\Pipeline\Pipeline.php(148): Illuminate\Foundation\Http\Middleware\TransformsRequest->handle(Object(Illuminate\Http\Request), Object(Closure))
#38 K:\PHP7.4\htdocs\laravel\study\shagor-sarder-coding-test\vendor\laravel\framework\src\Illuminate\Routing\Pipeline.php(53): Illuminate\Pipeline\Pipeline->Illuminate\Pipeline\{closure}(Object(Illuminate\Http\Request))
#39 K:\PHP7.4\htdocs\laravel\study\shagor-sarder-coding-test\vendor\laravel\framework\src\Illuminate\Foundation\Http\Middleware\ValidatePostSize.php(27): Illuminate\Routing\Pipeline->Illuminate\Routing\{closure}(Object(Illuminate\Http\Request))
#40 K:\PHP7.4\htdocs\laravel\study\shagor-sarder-coding-test\vendor\laravel\framework\src\Illuminate\Pipeline\Pipeline.php(148): Illuminate\Foundation\Http\Middleware\ValidatePostSize->handle(Object(Illuminate\Http\Request), Object(Closure))
#41 K:\PHP7.4\htdocs\laravel\study\shagor-sarder-coding-test\vendor\laravel\framework\src\Illuminate\Routing\Pipeline.php(53): Illuminate\Pipeline\Pipeline->Illuminate\Pipeline\{closure}(Object(Illuminate\Http\Request))
#42 K:\PHP7.4\htdocs\laravel\study\shagor-sarder-coding-test\vendor\laravel\framework\src\Illuminate\Foundation\Http\Middleware\CheckForMaintenanceMode.php(46): Illuminate\Routing\Pipeline->Illuminate\Routing\{closure}(Object(Illuminate\Http\Request))
#43 K:\PHP7.4\htdocs\laravel\study\shagor-sarder-coding-test\vendor\laravel\framework\src\Illuminate\Pipeline\Pipeline.php(148): Illuminate\Foundation\Http\Middleware\CheckForMaintenanceMode->handle(Object(Illuminate\Http\Request), Object(Closure))
#44 K:\PHP7.4\htdocs\laravel\study\shagor-sarder-coding-test\vendor\laravel\framework\src\Illuminate\Routing\Pipeline.php(53): Illuminate\Pipeline\Pipeline->Illuminate\Pipeline\{closure}(Object(Illuminate\Http\Request))
#45 K:\PHP7.4\htdocs\laravel\study\shagor-sarder-coding-test\vendor\laravel\framework\src\Illuminate\Pipeline\Pipeline.php(102): Illuminate\Routing\Pipeline->Illuminate\Routing\{closure}(Object(Illuminate\Http\Request))
#46 K:\PHP7.4\htdocs\laravel\study\shagor-sarder-coding-test\vendor\laravel\framework\src\Illuminate\Foundation\Http\Kernel.php(151): Illuminate\Pipeline\Pipeline->then(Object(Closure))
#47 K:\PHP7.4\htdocs\laravel\study\shagor-sarder-coding-test\vendor\laravel\framework\src\Illuminate\Foundation\Http\Kernel.php(116): Illuminate\Foundation\Http\Kernel->sendRequestThroughRouter(Object(Illuminate\Http\Request))
#48 K:\PHP7.4\htdocs\laravel\study\shagor-sarder-coding-test\public\index.php(53): Illuminate\Foundation\Http\Kernel->handle(Object(Illuminate\Http\Request))
#49 K:\PHP7.4\htdocs\laravel\study\shagor-sarder-coding-test\server.php(21): require_once('K:\\PHP7.4\\htdoc...')
#50 {main}  
[2020-07-19 05:08:37] development.ERROR: Exception: DateTimeZone::__construct(): Unknown or bad timezone () in K:\PHP7.4\htdocs\laravel\study\shagor-sarder-coding-test\app\Http\Controllers\AjaxController.php:261
Stack trace:
#0 K:\PHP7.4\htdocs\laravel\study\shagor-sarder-coding-test\app\Http\Controllers\AjaxController.php(261): DateTimeZone->__construct('')
#1 K:\PHP7.4\htdocs\laravel\study\shagor-sarder-coding-test\app\Http\Controllers\AjaxController.php(451): Bulkly\Http\Controllers\AjaxController->group_id('Favorite Sites', 'rss-automation', 'csv', 'bulkly-rss-auto...', '', Array)
#2 [internal function]: Bulkly\Http\Controllers\AjaxController->CsvToRssAutomationUpload(Object(Illuminate\Http\Request))
#3 K:\PHP7.4\htdocs\laravel\study\shagor-sarder-coding-test\vendor\laravel\framework\src\Illuminate\Routing\Controller.php(55): call_user_func_array(Array, Array)
#4 K:\PHP7.4\htdocs\laravel\study\shagor-sarder-coding-test\vendor\laravel\framework\src\Illuminate\Routing\ControllerDispatcher.php(44): Illuminate\Routing\Controller->callAction('CsvToRssAutomat...', Array)
#5 K:\PHP7.4\htdocs\laravel\study\shagor-sarder-coding-test\vendor\laravel\framework\src\Illuminate\Routing\Route.php(203): Illuminate\Routing\ControllerDispatcher->dispatch(Object(Illuminate\Routing\Route), Object(Bulkly\Http\Controllers\AjaxController), 'CsvToRssAutomat...')
#6 K:\PHP7.4\htdocs\laravel\study\shagor-sarder-coding-test\vendor\laravel\framework\src\Illuminate\Routing\Route.php(160): Illuminate\Routing\Route->runController()
#7 K:\PHP7.4\htdocs\laravel\study\shagor-sarder-coding-test\vendor\laravel\framework\src\Illuminate\Routing\Router.php(572): Illuminate\Routing\Route->run()
#8 K:\PHP7.4\htdocs\laravel\study\shagor-sarder-coding-test\vendor\laravel\framework\src\Illuminate\Routing\Pipeline.php(30): Illuminate\Routing\Router->Illuminate\Routing\{closure}(Object(Illuminate\Http\Request))
#9 K:\PHP7.4\htdocs\laravel\study\shagor-sarder-coding-test\vendor\laravel\framework\src\Illuminate\Routing\Middleware\SubstituteBindings.php(41): Illuminate\Routing\Pipeline->Illuminate\Routing\{closure}(Object(Illuminate\Http\Request))
#10 K:\PHP7.4\htdocs\laravel\study\shagor-sarder-coding-test\vendor\laravel\framework\src\Illuminate\Pipeline\Pipeline.php(148): Illuminate\Routing\Middleware\SubstituteBindings->handle(Object(Illuminate\Http\Request), Object(Closure))
#11 K:\PHP7.4\htdocs\laravel\study\shagor-sarder-coding-test\vendor\laravel\framework\src\Illuminate\Routing\Pipeline.php(53): Illuminate\Pipeline\Pipeline->Illuminate\Pipeline\{closure}(Object(Illuminate\Http\Request))
#12 K:\PHP7.4\htdocs\laravel\study\shagor-sarder-coding-test\vendor\laravel\framework\src\Illuminate\Foundation\Http\Middleware\VerifyCsrfToken.php(65): Illuminate\Routing\Pipeline->Illuminate\Routing\{closure}(Object(Illuminate\Http\Request))
#13 K:\PHP7.4\htdocs\laravel\study\shagor-sarder-coding-test\vendor\laravel\framework\src\Illuminate\Pipeline\Pipeline.php(148): Illuminate\Foundation\Http\Middleware\VerifyCsrfToken->handle(Object(Illuminate\Http\Request), Object(Closure))
#14 K:\PHP7.4\htdocs\laravel\study\shagor-sarder-coding-test\vendor\laravel\framework\src\Illuminate\Routing\Pipeline.php(53): Illuminate\Pipeline\Pipeline->Illuminate\Pipeline\{closure}(Object(Illuminate\Http\Request))
#15 K:\PHP7.4\htdocs\laravel\study\shagor-sarder-coding-test\vendor\laravel\framework\src\Illuminate\View\Middleware\ShareErrorsFromSession.php(49): Illuminate\Routing\Pipeline->Illuminate\Routing\{closure}(Object(Illuminate\Http\Request))
#16 K:\PHP7.4\htdocs\laravel\study\shagor-sarder-coding-test\vendor\laravel\framework\src\Illuminate\Pipeline\Pipeline.php(148): Illuminate\View\Middleware\ShareErrorsFromSession->handle(Object(Illuminate\Http\Request), Object(Closure))
#17 K:\PHP7.4\htdocs\laravel\study\shagor-sarder-coding-test\vendor\laravel\framework\src\Illuminate\Routing\Pipeline.php(53): Illuminate\Pipeline\Pipeline->Illuminate\Pipeline\{closure}(Object(Illuminate\Http\Request))
#18 K:\PHP7.4\htdocs\laravel\study\shagor-sarder-coding-test\vendor\laravel\framework\src\Illuminate\Session\Middleware\StartSession.php(64): Illuminate\Routing\Pipeline->Illuminate\Routing\{closure}(Object(Illuminate\Http\Request))
#19 K:\PHP7.4\htdocs\laravel\study\shagor-sarder-coding-test\vendor\laravel\framework\src\Illuminate\Pipeline\Pipeline.php(148): Illuminate\Session\Middleware\StartSession->handle(Object(Illuminate\Http\Request), Object(Closure))
#20 K:\PHP7.4\htdocs\laravel\study\shagor-sarder-coding-test\vendor\laravel\framework\src\Illuminate\Routing\Pipeline.php(53): Illuminate\Pipeline\Pipeline->Illuminate\Pipeline\{closure}(Object(Illuminate\Http\Request))
#21 K:\PHP7.4\htdocs\laravel\study\shagor-sarder-coding-test\vendor\laravel\framework\src\Illuminate\Cookie\Middleware\AddQueuedCookiesToResponse.php(37): Illuminate\Routing\Pipeline->Illuminate\Routing\{closure}(Object(Illuminate\Http\Request))
#22 K:\PHP7.4\htdocs\laravel\study\shagor-sarder-coding-test\vendor\laravel\framework\src\Illuminate\Pipeline\Pipeline.php(148): Illuminate\Cookie\Middleware\AddQueuedCookiesToResponse->handle(Object(Illuminate\Http\Request), Object(Closure))
#23 K:\PHP7.4\htdocs\laravel\study\shagor-sarder-coding-test\vendor\laravel\framework\src\Illuminate\Routing\Pipeline.php(53): Illuminate\Pipeline\Pipeline->Illuminate\Pipeline\{closure}(Object(Illuminate\Http\Request))
#24 K:\PHP7.4\htdocs\laravel\study\shagor-sarder-coding-test\vendor\laravel\framework\src\Illuminate\Cookie\Middleware\EncryptCookies.php(59): Illuminate\Routing\Pipeline->Illuminate\Routing\{closure}(Object(Illuminate\Http\Request))
#25 K:\PHP7.4\htdocs\laravel\study\shagor-sarder-coding-test\vendor\laravel\framework\src\Illuminate\Pipeline\Pipeline.php(148): Illuminate\Cookie\Middleware\EncryptCookies->handle(Object(Illuminate\Http\Request), Object(Closure))
#26 K:\PHP7.4\htdocs\laravel\study\shagor-sarder-coding-test\vendor\laravel\framework\src\Illuminate\Routing\Pipeline.php(53): Illuminate\Pipeline\Pipeline->Illuminate\Pipeline\{closure}(Object(Illuminate\Http\Request))
#27 K:\PHP7.4\htdocs\laravel\study\shagor-sarder-coding-test\vendor\laravel\framework\src\Illuminate\Pipeline\Pipeline.php(102): Illuminate\Routing\Pipeline->Illuminate\Routing\{closure}(Object(Illuminate\Http\Request))
#28 K:\PHP7.4\htdocs\laravel\study\shagor-sarder-coding-test\vendor\laravel\framework\src\Illuminate\Routing\Router.php(574): Illuminate\Pipeline\Pipeline->then(Object(Closure))
#29 K:\PHP7.4\htdocs\laravel\study\shagor-sarder-coding-test\vendor\laravel\framework\src\Illuminate\Routing\Router.php(533): Illuminate\Routing\Router->runRouteWithinStack(Object(Illuminate\Routing\Route), Object(Illuminate\Http\Request))
#30 K:\PHP7.4\htdocs\laravel\study\shagor-sarder-coding-test\vendor\laravel\framework\src\Illuminate\Routing\Router.php(511): Illuminate\Routing\Router->dispatchToRoute(Object(Illuminate\Http\Request))
#31 K:\PHP7.4\htdocs\laravel\study\shagor-sarder-coding-test\vendor\laravel\framework\src\Illuminate\Foundation\Http\Kernel.php(176): Illuminate\Routing\Router->dispatch(Object(Illuminate\Http\Request))
#32 K:\PHP7.4\htdocs\laravel\study\shagor-sarder-coding-test\vendor\laravel\framework\src\Illuminate\Routing\Pipeline.php(30): Illuminate\Foundation\Http\Kernel->Illuminate\Foundation\Http\{closure}(Object(Illuminate\Http\Request))
#33 K:\PHP7.4\htdocs\laravel\study\shagor-sarder-coding-test\vendor\laravel\framework\src\Illuminate\Foundation\Http\Middleware\TransformsRequest.php(30): Illuminate\Routing\Pipeline->Illuminate\Routing\{closure}(Object(Illuminate\Http\Request))
#34 K:\PHP7.4\htdocs\laravel\study\shagor-sarder-coding-test\vendor\laravel\framework\src\Illuminate\Pipeline\Pipeline.php(148): Illuminate\Foundation\Http\Middleware\TransformsRequest->handle(Object(Illuminate\Http\Request), Object(Closure))
#35 K:\PHP7.4\htdocs\laravel\study\shagor-sarder-coding-test\vendor\laravel\framework\src\Illuminate\Routing\Pipeline.php(53): Illuminate\Pipeline\Pipeline->Illuminate\Pipeline\{closure}(Object(Illuminate\Http\Request))
#36 K:\PHP7.4\htdocs\laravel\study\shagor-sarder-coding-test\vendor\laravel\framework\src\Illuminate\Foundation\Http\Middleware\TransformsRequest.php(30): Illuminate\Routing\Pipeline->Illuminate\Routing\{closure}(Object(Illuminate\Http\Request))
#37 K:\PHP7.4\htdocs\laravel\study\shagor-sarder-coding-test\vendor\laravel\framework\src\Illuminate\Pipeline\Pipeline.php(148): Illuminate\Foundation\Http\Middleware\TransformsRequest->handle(Object(Illuminate\Http\Request), Object(Closure))
#38 K:\PHP7.4\htdocs\laravel\study\shagor-sarder-coding-test\vendor\laravel\framework\src\Illuminate\Routing\Pipeline.php(53): Illuminate\Pipeline\Pipeline->Illuminate\Pipeline\{closure}(Object(Illuminate\Http\Request))
#39 K:\PHP7.4\htdocs\laravel\study\shagor-sarder-coding-test\vendor\laravel\framework\src\Illuminate\Foundation\Http\Middleware\ValidatePostSize.php(27): Illuminate\Routing\Pipeline->Illuminate\Routing\{closure}(Object(Illuminate\Http\Request))
#40 K:\PHP7.4\htdocs\laravel\study\shagor-sarder-coding-test\vendor\laravel\framework\src\Illuminate\Pipeline\Pipeline.php(148): Illuminate\Foundation\Http\Middleware\ValidatePostSize->handle(Object(Illuminate\Http\Request), Object(Closure))
#41 K:\PHP7.4\htdocs\laravel\study\shagor-sarder-coding-test\vendor\laravel\framework\src\Illuminate\Routing\Pipeline.php(53): Illuminate\Pipeline\Pipeline->Illuminate\Pipeline\{closure}(Object(Illuminate\Http\Request))
#42 K:\PHP7.4\htdocs\laravel\study\shagor-sarder-coding-test\vendor\laravel\framework\src\Illuminate\Foundation\Http\Middleware\CheckForMaintenanceMode.php(46): Illuminate\Routing\Pipeline->Illuminate\Routing\{closure}(Object(Illuminate\Http\Request))
#43 K:\PHP7.4\htdocs\laravel\study\shagor-sarder-coding-test\vendor\laravel\framework\src\Illuminate\Pipeline\Pipeline.php(148): Illuminate\Foundation\Http\Middleware\CheckForMaintenanceMode->handle(Object(Illuminate\Http\Request), Object(Closure))
#44 K:\PHP7.4\htdocs\laravel\study\shagor-sarder-coding-test\vendor\laravel\framework\src\Illuminate\Routing\Pipeline.php(53): Illuminate\Pipeline\Pipeline->Illuminate\Pipeline\{closure}(Object(Illuminate\Http\Request))
#45 K:\PHP7.4\htdocs\laravel\study\shagor-sarder-coding-test\vendor\laravel\framework\src\Illuminate\Pipeline\Pipeline.php(102): Illuminate\Routing\Pipeline->Illuminate\Routing\{closure}(Object(Illuminate\Http\Request))
#46 K:\PHP7.4\htdocs\laravel\study\shagor-sarder-coding-test\vendor\laravel\framework\src\Illuminate\Foundation\Http\Kernel.php(151): Illuminate\Pipeline\Pipeline->then(Object(Closure))
#47 K:\PHP7.4\htdocs\laravel\study\shagor-sarder-coding-test\vendor\laravel\framework\src\Illuminate\Foundation\Http\Kernel.php(116): Illuminate\Foundation\Http\Kernel->sendRequestThroughRouter(Object(Illuminate\Http\Request))
#48 K:\PHP7.4\htdocs\laravel\study\shagor-sarder-coding-test\public\index.php(53): Illuminate\Foundation\Http\Kernel->handle(Object(Illuminate\Http\Request))
#49 K:\PHP7.4\htdocs\laravel\study\shagor-sarder-coding-test\server.php(21): require_once('K:\\PHP7.4\\htdoc...')
#50 {main}  
[2020-07-19 05:18:22] development.ERROR: Stripe\Error\Authentication: No API key provided.  (HINT: set your API key using "Stripe::setApiKey(<API-KEY>)".  You can generate API keys from the Stripe web interface.  See https://stripe.com/api for details, or email support@stripe.com if you have any questions. in K:\PHP7.4\htdocs\laravel\study\shagor-sarder-coding-test\vendor\stripe\stripe-php\lib\ApiRequestor.php:219
Stack trace:
#0 K:\PHP7.4\htdocs\laravel\study\shagor-sarder-coding-test\vendor\stripe\stripe-php\lib\ApiRequestor.php(64): Stripe\ApiRequestor->_requestRaw('get', '/v1/customers/c...', Array, Array)
#1 K:\PHP7.4\htdocs\laravel\study\shagor-sarder-coding-test\vendor\stripe\stripe-php\lib\ApiResource.php(31): Stripe\ApiRequestor->request('get', '/v1/customers/c...', Array, Array)
#2 K:\PHP7.4\htdocs\laravel\study\shagor-sarder-coding-test\vendor\stripe\stripe-php\lib\ApiResource.php(132): Stripe\ApiResource->refresh()
#3 K:\PHP7.4\htdocs\laravel\study\shagor-sarder-coding-test\vendor\stripe\stripe-php\lib\Customer.php(40): Stripe\ApiResource::_retrieve('cus_AxqMtjMMU28...', '')
#4 K:\PHP7.4\htdocs\laravel\study\shagor-sarder-coding-test\vendor\laravel\cashier\src\Billable.php(589): Stripe\Customer::retrieve('cus_AxqMtjMMU28...', '')
#5 K:\PHP7.4\htdocs\laravel\study\shagor-sarder-coding-test\vendor\laravel\cashier\src\Billable.php(326): Bulkly\User->asStripeCustomer()
#6 K:\PHP7.4\htdocs\laravel\study\shagor-sarder-coding-test\vendor\laravel\cashier\src\Billable.php(350): Bulkly\User->invoices(true, Array)
#7 K:\PHP7.4\htdocs\laravel\study\shagor-sarder-coding-test\app\Http\Controllers\PagesController.php(31): Bulkly\User->invoicesIncludingPending()
#8 [internal function]: Bulkly\Http\Controllers\PagesController->settings()
#9 K:\PHP7.4\htdocs\laravel\study\shagor-sarder-coding-test\vendor\laravel\framework\src\Illuminate\Routing\Controller.php(55): call_user_func_array(Array, Array)
#10 K:\PHP7.4\htdocs\laravel\study\shagor-sarder-coding-test\vendor\laravel\framework\src\Illuminate\Routing\ControllerDispatcher.php(44): Illuminate\Routing\Controller->callAction('settings', Array)
#11 K:\PHP7.4\htdocs\laravel\study\shagor-sarder-coding-test\vendor\laravel\framework\src\Illuminate\Routing\Route.php(203): Illuminate\Routing\ControllerDispatcher->dispatch(Object(Illuminate\Routing\Route), Object(Bulkly\Http\Controllers\PagesController), 'settings')
#12 K:\PHP7.4\htdocs\laravel\study\shagor-sarder-coding-test\vendor\laravel\framework\src\Illuminate\Routing\Route.php(160): Illuminate\Routing\Route->runController()
#13 K:\PHP7.4\htdocs\laravel\study\shagor-sarder-coding-test\vendor\laravel\framework\src\Illuminate\Routing\Router.php(572): Illuminate\Routing\Route->run()
#14 K:\PHP7.4\htdocs\laravel\study\shagor-sarder-coding-test\vendor\laravel\framework\src\Illuminate\Routing\Pipeline.php(30): Illuminate\Routing\Router->Illuminate\Routing\{closure}(Object(Illuminate\Http\Request))
#15 K:\PHP7.4\htdocs\laravel\study\shagor-sarder-coding-test\vendor\laravel\framework\src\Illuminate\Routing\Middleware\SubstituteBindings.php(41): Illuminate\Routing\Pipeline->Illuminate\Routing\{closure}(Object(Illuminate\Http\Request))
#16 K:\PHP7.4\htdocs\laravel\study\shagor-sarder-coding-test\vendor\laravel\framework\src\Illuminate\Pipeline\Pipeline.php(148): Illuminate\Routing\Middleware\SubstituteBindings->handle(Object(Illuminate\Http\Request), Object(Closure))
#17 K:\PHP7.4\htdocs\laravel\study\shagor-sarder-coding-test\vendor\laravel\framework\src\Illuminate\Routing\Pipeline.php(53): Illuminate\Pipeline\Pipeline->Illuminate\Pipeline\{closure}(Object(Illuminate\Http\Request))
#18 K:\PHP7.4\htdocs\laravel\study\shagor-sarder-coding-test\vendor\laravel\framework\src\Illuminate\Foundation\Http\Middleware\VerifyCsrfToken.php(65): Illuminate\Routing\Pipeline->Illuminate\Routing\{closure}(Object(Illuminate\Http\Request))
#19 K:\PHP7.4\htdocs\laravel\study\shagor-sarder-coding-test\vendor\laravel\framework\src\Illuminate\Pipeline\Pipeline.php(148): Illuminate\Foundation\Http\Middleware\VerifyCsrfToken->handle(Object(Illuminate\Http\Request), Object(Closure))
#20 K:\PHP7.4\htdocs\laravel\study\shagor-sarder-coding-test\vendor\laravel\framework\src\Illuminate\Routing\Pipeline.php(53): Illuminate\Pipeline\Pipeline->Illuminate\Pipeline\{closure}(Object(Illuminate\Http\Request))
#21 K:\PHP7.4\htdocs\laravel\study\shagor-sarder-coding-test\vendor\laravel\framework\src\Illuminate\View\Middleware\ShareErrorsFromSession.php(49): Illuminate\Routing\Pipeline->Illuminate\Routing\{closure}(Object(Illuminate\Http\Request))
#22 K:\PHP7.4\htdocs\laravel\study\shagor-sarder-coding-test\vendor\laravel\framework\src\Illuminate\Pipeline\Pipeline.php(148): Illuminate\View\Middleware\ShareErrorsFromSession->handle(Object(Illuminate\Http\Request), Object(Closure))
#23 K:\PHP7.4\htdocs\laravel\study\shagor-sarder-coding-test\vendor\laravel\framework\src\Illuminate\Routing\Pipeline.php(53): Illuminate\Pipeline\Pipeline->Illuminate\Pipeline\{closure}(Object(Illuminate\Http\Request))
#24 K:\PHP7.4\htdocs\laravel\study\shagor-sarder-coding-test\vendor\laravel\framework\src\Illuminate\Session\Middleware\StartSession.php(64): Illuminate\Routing\Pipeline->Illuminate\Routing\{closure}(Object(Illuminate\Http\Request))
#25 K:\PHP7.4\htdocs\laravel\study\shagor-sarder-coding-test\vendor\laravel\framework\src\Illuminate\Pipeline\Pipeline.php(148): Illuminate\Session\Middleware\StartSession->handle(Object(Illuminate\Http\Request), Object(Closure))
#26 K:\PHP7.4\htdocs\laravel\study\shagor-sarder-coding-test\vendor\laravel\framework\src\Illuminate\Routing\Pipeline.php(53): Illuminate\Pipeline\Pipeline->Illuminate\Pipeline\{closure}(Object(Illuminate\Http\Request))
#27 K:\PHP7.4\htdocs\laravel\study\shagor-sarder-coding-test\vendor\laravel\framework\src\Illuminate\Cookie\Middleware\AddQueuedCookiesToResponse.php(37): Illuminate\Routing\Pipeline->Illuminate\Routing\{closure}(Object(Illuminate\Http\Request))
#28 K:\PHP7.4\htdocs\laravel\study\shagor-sarder-coding-test\vendor\laravel\framework\src\Illuminate\Pipeline\Pipeline.php(148): Illuminate\Cookie\Middleware\AddQueuedCookiesToResponse->handle(Object(Illuminate\Http\Request), Object(Closure))
#29 K:\PHP7.4\htdocs\laravel\study\shagor-sarder-coding-test\vendor\laravel\framework\src\Illuminate\Routing\Pipeline.php(53): Illuminate\Pipeline\Pipeline->Illuminate\Pipeline\{closure}(Object(Illuminate\Http\Request))
#30 K:\PHP7.4\htdocs\laravel\study\shagor-sarder-coding-test\vendor\laravel\framework\src\Illuminate\Cookie\Middleware\EncryptCookies.php(59): Illuminate\Routing\Pipeline->Illuminate\Routing\{closure}(Object(Illuminate\Http\Request))
#31 K:\PHP7.4\htdocs\laravel\study\shagor-sarder-coding-test\vendor\laravel\framework\src\Illuminate\Pipeline\Pipeline.php(148): Illuminate\Cookie\Middleware\EncryptCookies->handle(Object(Illuminate\Http\Request), Object(Closure))
#32 K:\PHP7.4\htdocs\laravel\study\shagor-sarder-coding-test\vendor\laravel\framework\src\Illuminate\Routing\Pipeline.php(53): Illuminate\Pipeline\Pipeline->Illuminate\Pipeline\{closure}(Object(Illuminate\Http\Request))
#33 K:\PHP7.4\htdocs\laravel\study\shagor-sarder-coding-test\vendor\laravel\framework\src\Illuminate\Pipeline\Pipeline.php(102): Illuminate\Routing\Pipeline->Illuminate\Routing\{closure}(Object(Illuminate\Http\Request))
#34 K:\PHP7.4\htdocs\laravel\study\shagor-sarder-coding-test\vendor\laravel\framework\src\Illuminate\Routing\Router.php(574): Illuminate\Pipeline\Pipeline->then(Object(Closure))
#35 K:\PHP7.4\htdocs\laravel\study\shagor-sarder-coding-test\vendor\laravel\framework\src\Illuminate\Routing\Router.php(533): Illuminate\Routing\Router->runRouteWithinStack(Object(Illuminate\Routing\Route), Object(Illuminate\Http\Request))
#36 K:\PHP7.4\htdocs\laravel\study\shagor-sarder-coding-test\vendor\laravel\framework\src\Illuminate\Routing\Router.php(511): Illuminate\Routing\Router->dispatchToRoute(Object(Illuminate\Http\Request))
#37 K:\PHP7.4\htdocs\laravel\study\shagor-sarder-coding-test\vendor\laravel\framework\src\Illuminate\Foundation\Http\Kernel.php(176): Illuminate\Routing\Router->dispatch(Object(Illuminate\Http\Request))
#38 K:\PHP7.4\htdocs\laravel\study\shagor-sarder-coding-test\vendor\laravel\framework\src\Illuminate\Routing\Pipeline.php(30): Illuminate\Foundation\Http\Kernel->Illuminate\Foundation\Http\{closure}(Object(Illuminate\Http\Request))
#39 K:\PHP7.4\htdocs\laravel\study\shagor-sarder-coding-test\vendor\laravel\framework\src\Illuminate\Foundation\Http\Middleware\TransformsRequest.php(30): Illuminate\Routing\Pipeline->Illuminate\Routing\{closure}(Object(Illuminate\Http\Request))
#40 K:\PHP7.4\htdocs\laravel\study\shagor-sarder-coding-test\vendor\laravel\framework\src\Illuminate\Pipeline\Pipeline.php(148): Illuminate\Foundation\Http\Middleware\TransformsRequest->handle(Object(Illuminate\Http\Request), Object(Closure))
#41 K:\PHP7.4\htdocs\laravel\study\shagor-sarder-coding-test\vendor\laravel\framework\src\Illuminate\Routing\Pipeline.php(53): Illuminate\Pipeline\Pipeline->Illuminate\Pipeline\{closure}(Object(Illuminate\Http\Request))
#42 K:\PHP7.4\htdocs\laravel\study\shagor-sarder-coding-test\vendor\laravel\framework\src\Illuminate\Foundation\Http\Middleware\TransformsRequest.php(30): Illuminate\Routing\Pipeline->Illuminate\Routing\{closure}(Object(Illuminate\Http\Request))
#43 K:\PHP7.4\htdocs\laravel\study\shagor-sarder-coding-test\vendor\laravel\framework\src\Illuminate\Pipeline\Pipeline.php(148): Illuminate\Foundation\Http\Middleware\TransformsRequest->handle(Object(Illuminate\Http\Request), Object(Closure))
#44 K:\PHP7.4\htdocs\laravel\study\shagor-sarder-coding-test\vendor\laravel\framework\src\Illuminate\Routing\Pipeline.php(53): Illuminate\Pipeline\Pipeline->Illuminate\Pipeline\{closure}(Object(Illuminate\Http\Request))
#45 K:\PHP7.4\htdocs\laravel\study\shagor-sarder-coding-test\vendor\laravel\framework\src\Illuminate\Foundation\Http\Middleware\ValidatePostSize.php(27): Illuminate\Routing\Pipeline->Illuminate\Routing\{closure}(Object(Illuminate\Http\Request))
#46 K:\PHP7.4\htdocs\laravel\study\shagor-sarder-coding-test\vendor\laravel\framework\src\Illuminate\Pipeline\Pipeline.php(148): Illuminate\Foundation\Http\Middleware\ValidatePostSize->handle(Object(Illuminate\Http\Request), Object(Closure))
#47 K:\PHP7.4\htdocs\laravel\study\shagor-sarder-coding-test\vendor\laravel\framework\src\Illuminate\Routing\Pipeline.php(53): Illuminate\Pipeline\Pipeline->Illuminate\Pipeline\{closure}(Object(Illuminate\Http\Request))
#48 K:\PHP7.4\htdocs\laravel\study\shagor-sarder-coding-test\vendor\laravel\framework\src\Illuminate\Foundation\Http\Middleware\CheckForMaintenanceMode.php(46): Illuminate\Routing\Pipeline->Illuminate\Routing\{closure}(Object(Illuminate\Http\Request))
#49 K:\PHP7.4\htdocs\laravel\study\shagor-sarder-coding-test\vendor\laravel\framework\src\Illuminate\Pipeline\Pipeline.php(148): Illuminate\Foundation\Http\Middleware\CheckForMaintenanceMode->handle(Object(Illuminate\Http\Request), Object(Closure))
#50 K:\PHP7.4\htdocs\laravel\study\shagor-sarder-coding-test\vendor\laravel\framework\src\Illuminate\Routing\Pipeline.php(53): Illuminate\Pipeline\Pipeline->Illuminate\Pipeline\{closure}(Object(Illuminate\Http\Request))
#51 K:\PHP7.4\htdocs\laravel\study\shagor-sarder-coding-test\vendor\laravel\framework\src\Illuminate\Pipeline\Pipeline.php(102): Illuminate\Routing\Pipeline->Illuminate\Routing\{closure}(Object(Illuminate\Http\Request))
#52 K:\PHP7.4\htdocs\laravel\study\shagor-sarder-coding-test\vendor\laravel\framework\src\Illuminate\Foundation\Http\Kernel.php(151): Illuminate\Pipeline\Pipeline->then(Object(Closure))
#53 K:\PHP7.4\htdocs\laravel\study\shagor-sarder-coding-test\vendor\laravel\framework\src\Illuminate\Foundation\Http\Kernel.php(116): Illuminate\Foundation\Http\Kernel->sendRequestThroughRouter(Object(Illuminate\Http\Request))
#54 K:\PHP7.4\htdocs\laravel\study\shagor-sarder-coding-test\public\index.php(53): Illuminate\Foundation\Http\Kernel->handle(Object(Illuminate\Http\Request))
#55 K:\PHP7.4\htdocs\laravel\study\shagor-sarder-coding-test\server.php(21): require_once('K:\\PHP7.4\\htdoc...')
#56 {main}  
[2020-07-19 05:28:31] development.ERROR: ErrorException: Undefined variable: user in K:\PHP7.4\htdocs\laravel\study\shagor-sarder-coding-test\storage\framework\views\697a5363fc602cceb5e185e285928aedbb4eedb1.php:5
Stack trace:
#0 K:\PHP7.4\htdocs\laravel\study\shagor-sarder-coding-test\storage\framework\views\697a5363fc602cceb5e185e285928aedbb4eedb1.php(5): Illuminate\Foundation\Bootstrap\HandleExceptions->handleError(8, 'Undefined varia...', 'K:\\PHP7.4\\htdoc...', 5, Array)
#1 K:\PHP7.4\htdocs\laravel\study\shagor-sarder-coding-test\vendor\laravel\framework\src\Illuminate\View\Engines\PhpEngine.php(42): include('K:\\PHP7.4\\htdoc...')
#2 K:\PHP7.4\htdocs\laravel\study\shagor-sarder-coding-test\vendor\laravel\framework\src\Illuminate\View\Engines\CompilerEngine.php(59): Illuminate\View\Engines\PhpEngine->evaluatePath('K:\\PHP7.4\\htdoc...', Array)
#3 K:\PHP7.4\htdocs\laravel\study\shagor-sarder-coding-test\vendor\laravel\framework\src\Illuminate\View\View.php(137): Illuminate\View\Engines\CompilerEngine->get('K:\\PHP7.4\\htdoc...', Array)
#4 K:\PHP7.4\htdocs\laravel\study\shagor-sarder-coding-test\vendor\laravel\framework\src\Illuminate\View\View.php(120): Illuminate\View\View->getContents()
#5 K:\PHP7.4\htdocs\laravel\study\shagor-sarder-coding-test\vendor\laravel\framework\src\Illuminate\View\View.php(85): Illuminate\View\View->renderContents()
#6 K:\PHP7.4\htdocs\laravel\study\shagor-sarder-coding-test\vendor\laravel\framework\src\Illuminate\Http\Response.php(38): Illuminate\View\View->render()
#7 K:\PHP7.4\htdocs\laravel\study\shagor-sarder-coding-test\vendor\symfony\http-foundation\Response.php(206): Illuminate\Http\Response->setContent(Object(Illuminate\View\View))
#8 K:\PHP7.4\htdocs\laravel\study\shagor-sarder-coding-test\vendor\laravel\framework\src\Illuminate\Routing\Router.php(615): Symfony\Component\HttpFoundation\Response->__construct(Object(Illuminate\View\View))
#9 K:\PHP7.4\htdocs\laravel\study\shagor-sarder-coding-test\vendor\laravel\framework\src\Illuminate\Routing\Router.php(572): Illuminate\Routing\Router->prepareResponse(Object(Illuminate\Http\Request), Object(Illuminate\View\View))
#10 K:\PHP7.4\htdocs\laravel\study\shagor-sarder-coding-test\vendor\laravel\framework\src\Illuminate\Routing\Pipeline.php(30): Illuminate\Routing\Router->Illuminate\Routing\{closure}(Object(Illuminate\Http\Request))
#11 K:\PHP7.4\htdocs\laravel\study\shagor-sarder-coding-test\vendor\laravel\framework\src\Illuminate\Routing\Middleware\SubstituteBindings.php(41): Illuminate\Routing\Pipeline->Illuminate\Routing\{closure}(Object(Illuminate\Http\Request))
#12 K:\PHP7.4\htdocs\laravel\study\shagor-sarder-coding-test\vendor\laravel\framework\src\Illuminate\Pipeline\Pipeline.php(148): Illuminate\Routing\Middleware\SubstituteBindings->handle(Object(Illuminate\Http\Request), Object(Closure))
#13 K:\PHP7.4\htdocs\laravel\study\shagor-sarder-coding-test\vendor\laravel\framework\src\Illuminate\Routing\Pipeline.php(53): Illuminate\Pipeline\Pipeline->Illuminate\Pipeline\{closure}(Object(Illuminate\Http\Request))
#14 K:\PHP7.4\htdocs\laravel\study\shagor-sarder-coding-test\vendor\laravel\framework\src\Illuminate\Foundation\Http\Middleware\VerifyCsrfToken.php(65): Illuminate\Routing\Pipeline->Illuminate\Routing\{closure}(Object(Illuminate\Http\Request))
#15 K:\PHP7.4\htdocs\laravel\study\shagor-sarder-coding-test\vendor\laravel\framework\src\Illuminate\Pipeline\Pipeline.php(148): Illuminate\Foundation\Http\Middleware\VerifyCsrfToken->handle(Object(Illuminate\Http\Request), Object(Closure))
#16 K:\PHP7.4\htdocs\laravel\study\shagor-sarder-coding-test\vendor\laravel\framework\src\Illuminate\Routing\Pipeline.php(53): Illuminate\Pipeline\Pipeline->Illuminate\Pipeline\{closure}(Object(Illuminate\Http\Request))
#17 K:\PHP7.4\htdocs\laravel\study\shagor-sarder-coding-test\vendor\laravel\framework\src\Illuminate\View\Middleware\ShareErrorsFromSession.php(49): Illuminate\Routing\Pipeline->Illuminate\Routing\{closure}(Object(Illuminate\Http\Request))
#18 K:\PHP7.4\htdocs\laravel\study\shagor-sarder-coding-test\vendor\laravel\framework\src\Illuminate\Pipeline\Pipeline.php(148): Illuminate\View\Middleware\ShareErrorsFromSession->handle(Object(Illuminate\Http\Request), Object(Closure))
#19 K:\PHP7.4\htdocs\laravel\study\shagor-sarder-coding-test\vendor\laravel\framework\src\Illuminate\Routing\Pipeline.php(53): Illuminate\Pipeline\Pipeline->Illuminate\Pipeline\{closure}(Object(Illuminate\Http\Request))
#20 K:\PHP7.4\htdocs\laravel\study\shagor-sarder-coding-test\vendor\laravel\framework\src\Illuminate\Session\Middleware\StartSession.php(64): Illuminate\Routing\Pipeline->Illuminate\Routing\{closure}(Object(Illuminate\Http\Request))
#21 K:\PHP7.4\htdocs\laravel\study\shagor-sarder-coding-test\vendor\laravel\framework\src\Illuminate\Pipeline\Pipeline.php(148): Illuminate\Session\Middleware\StartSession->handle(Object(Illuminate\Http\Request), Object(Closure))
#22 K:\PHP7.4\htdocs\laravel\study\shagor-sarder-coding-test\vendor\laravel\framework\src\Illuminate\Routing\Pipeline.php(53): Illuminate\Pipeline\Pipeline->Illuminate\Pipeline\{closure}(Object(Illuminate\Http\Request))
#23 K:\PHP7.4\htdocs\laravel\study\shagor-sarder-coding-test\vendor\laravel\framework\src\Illuminate\Cookie\Middleware\AddQueuedCookiesToResponse.php(37): Illuminate\Routing\Pipeline->Illuminate\Routing\{closure}(Object(Illuminate\Http\Request))
#24 K:\PHP7.4\htdocs\laravel\study\shagor-sarder-coding-test\vendor\laravel\framework\src\Illuminate\Pipeline\Pipeline.php(148): Illuminate\Cookie\Middleware\AddQueuedCookiesToResponse->handle(Object(Illuminate\Http\Request), Object(Closure))
#25 K:\PHP7.4\htdocs\laravel\study\shagor-sarder-coding-test\vendor\laravel\framework\src\Illuminate\Routing\Pipeline.php(53): Illuminate\Pipeline\Pipeline->Illuminate\Pipeline\{closure}(Object(Illuminate\Http\Request))
#26 K:\PHP7.4\htdocs\laravel\study\shagor-sarder-coding-test\vendor\laravel\framework\src\Illuminate\Cookie\Middleware\EncryptCookies.php(59): Illuminate\Routing\Pipeline->Illuminate\Routing\{closure}(Object(Illuminate\Http\Request))
#27 K:\PHP7.4\htdocs\laravel\study\shagor-sarder-coding-test\vendor\laravel\framework\src\Illuminate\Pipeline\Pipeline.php(148): Illuminate\Cookie\Middleware\EncryptCookies->handle(Object(Illuminate\Http\Request), Object(Closure))
#28 K:\PHP7.4\htdocs\laravel\study\shagor-sarder-coding-test\vendor\laravel\framework\src\Illuminate\Routing\Pipeline.php(53): Illuminate\Pipeline\Pipeline->Illuminate\Pipeline\{closure}(Object(Illuminate\Http\Request))
#29 K:\PHP7.4\htdocs\laravel\study\shagor-sarder-coding-test\vendor\laravel\framework\src\Illuminate\Pipeline\Pipeline.php(102): Illuminate\Routing\Pipeline->Illuminate\Routing\{closure}(Object(Illuminate\Http\Request))
#30 K:\PHP7.4\htdocs\laravel\study\shagor-sarder-coding-test\vendor\laravel\framework\src\Illuminate\Routing\Router.php(574): Illuminate\Pipeline\Pipeline->then(Object(Closure))
#31 K:\PHP7.4\htdocs\laravel\study\shagor-sarder-coding-test\vendor\laravel\framework\src\Illuminate\Routing\Router.php(533): Illuminate\Routing\Router->runRouteWithinStack(Object(Illuminate\Routing\Route), Object(Illuminate\Http\Request))
#32 K:\PHP7.4\htdocs\laravel\study\shagor-sarder-coding-test\vendor\laravel\framework\src\Illuminate\Routing\Router.php(511): Illuminate\Routing\Router->dispatchToRoute(Object(Illuminate\Http\Request))
#33 K:\PHP7.4\htdocs\laravel\study\shagor-sarder-coding-test\vendor\laravel\framework\src\Illuminate\Foundation\Http\Kernel.php(176): Illuminate\Routing\Router->dispatch(Object(Illuminate\Http\Request))
#34 K:\PHP7.4\htdocs\laravel\study\shagor-sarder-coding-test\vendor\laravel\framework\src\Illuminate\Routing\Pipeline.php(30): Illuminate\Foundation\Http\Kernel->Illuminate\Foundation\Http\{closure}(Object(Illuminate\Http\Request))
#35 K:\PHP7.4\htdocs\laravel\study\shagor-sarder-coding-test\vendor\laravel\framework\src\Illuminate\Foundation\Http\Middleware\TransformsRequest.php(30): Illuminate\Routing\Pipeline->Illuminate\Routing\{closure}(Object(Illuminate\Http\Request))
#36 K:\PHP7.4\htdocs\laravel\study\shagor-sarder-coding-test\vendor\laravel\framework\src\Illuminate\Pipeline\Pipeline.php(148): Illuminate\Foundation\Http\Middleware\TransformsRequest->handle(Object(Illuminate\Http\Request), Object(Closure))
#37 K:\PHP7.4\htdocs\laravel\study\shagor-sarder-coding-test\vendor\laravel\framework\src\Illuminate\Routing\Pipeline.php(53): Illuminate\Pipeline\Pipeline->Illuminate\Pipeline\{closure}(Object(Illuminate\Http\Request))
#38 K:\PHP7.4\htdocs\laravel\study\shagor-sarder-coding-test\vendor\laravel\framework\src\Illuminate\Foundation\Http\Middleware\TransformsRequest.php(30): Illuminate\Routing\Pipeline->Illuminate\Routing\{closure}(Object(Illuminate\Http\Request))
#39 K:\PHP7.4\htdocs\laravel\study\shagor-sarder-coding-test\vendor\laravel\framework\src\Illuminate\Pipeline\Pipeline.php(148): Illuminate\Foundation\Http\Middleware\TransformsRequest->handle(Object(Illuminate\Http\Request), Object(Closure))
#40 K:\PHP7.4\htdocs\laravel\study\shagor-sarder-coding-test\vendor\laravel\framework\src\Illuminate\Routing\Pipeline.php(53): Illuminate\Pipeline\Pipeline->Illuminate\Pipeline\{closure}(Object(Illuminate\Http\Request))
#41 K:\PHP7.4\htdocs\laravel\study\shagor-sarder-coding-test\vendor\laravel\framework\src\Illuminate\Foundation\Http\Middleware\ValidatePostSize.php(27): Illuminate\Routing\Pipeline->Illuminate\Routing\{closure}(Object(Illuminate\Http\Request))
#42 K:\PHP7.4\htdocs\laravel\study\shagor-sarder-coding-test\vendor\laravel\framework\src\Illuminate\Pipeline\Pipeline.php(148): Illuminate\Foundation\Http\Middleware\ValidatePostSize->handle(Object(Illuminate\Http\Request), Object(Closure))
#43 K:\PHP7.4\htdocs\laravel\study\shagor-sarder-coding-test\vendor\laravel\framework\src\Illuminate\Routing\Pipeline.php(53): Illuminate\Pipeline\Pipeline->Illuminate\Pipeline\{closure}(Object(Illuminate\Http\Request))
#44 K:\PHP7.4\htdocs\laravel\study\shagor-sarder-coding-test\vendor\laravel\framework\src\Illuminate\Foundation\Http\Middleware\CheckForMaintenanceMode.php(46): Illuminate\Routing\Pipeline->Illuminate\Routing\{closure}(Object(Illuminate\Http\Request))
#45 K:\PHP7.4\htdocs\laravel\study\shagor-sarder-coding-test\vendor\laravel\framework\src\Illuminate\Pipeline\Pipeline.php(148): Illuminate\Foundation\Http\Middleware\CheckForMaintenanceMode->handle(Object(Illuminate\Http\Request), Object(Closure))
#46 K:\PHP7.4\htdocs\laravel\study\shagor-sarder-coding-test\vendor\laravel\framework\src\Illuminate\Routing\Pipeline.php(53): Illuminate\Pipeline\Pipeline->Illuminate\Pipeline\{closure}(Object(Illuminate\Http\Request))
#47 K:\PHP7.4\htdocs\laravel\study\shagor-sarder-coding-test\vendor\laravel\framework\src\Illuminate\Pipeline\Pipeline.php(102): Illuminate\Routing\Pipeline->Illuminate\Routing\{closure}(Object(Illuminate\Http\Request))
#48 K:\PHP7.4\htdocs\laravel\study\shagor-sarder-coding-test\vendor\laravel\framework\src\Illuminate\Foundation\Http\Kernel.php(151): Illuminate\Pipeline\Pipeline->then(Object(Closure))
#49 K:\PHP7.4\htdocs\laravel\study\shagor-sarder-coding-test\vendor\laravel\framework\src\Illuminate\Foundation\Http\Kernel.php(116): Illuminate\Foundation\Http\Kernel->sendRequestThroughRouter(Object(Illuminate\Http\Request))
#50 K:\PHP7.4\htdocs\laravel\study\shagor-sarder-coding-test\public\index.php(53): Illuminate\Foundation\Http\Kernel->handle(Object(Illuminate\Http\Request))
#51 K:\PHP7.4\htdocs\laravel\study\shagor-sarder-coding-test\server.php(21): require_once('K:\\PHP7.4\\htdoc...')
#52 {main}

Next ErrorException: Undefined variable: user (View: K:\PHP7.4\htdocs\laravel\study\shagor-sarder-coding-test\resources\views\pages\history.blade.php) in K:\PHP7.4\htdocs\laravel\study\shagor-sarder-coding-test\storage\framework\views\697a5363fc602cceb5e185e285928aedbb4eedb1.php:5
Stack trace:
#0 K:\PHP7.4\htdocs\laravel\study\shagor-sarder-coding-test\vendor\laravel\framework\src\Illuminate\View\Engines\PhpEngine.php(44): Illuminate\View\Engines\CompilerEngine->handleViewException(Object(ErrorException), 1)
#1 K:\PHP7.4\htdocs\laravel\study\shagor-sarder-coding-test\vendor\laravel\framework\src\Illuminate\View\Engines\CompilerEngine.php(59): Illuminate\View\Engines\PhpEngine->evaluatePath('K:\\PHP7.4\\htdoc...', Array)
#2 K:\PHP7.4\htdocs\laravel\study\shagor-sarder-coding-test\vendor\laravel\framework\src\Illuminate\View\View.php(137): Illuminate\View\Engines\CompilerEngine->get('K:\\PHP7.4\\htdoc...', Array)
#3 K:\PHP7.4\htdocs\laravel\study\shagor-sarder-coding-test\vendor\laravel\framework\src\Illuminate\View\View.php(120): Illuminate\View\View->getContents()
#4 K:\PHP7.4\htdocs\laravel\study\shagor-sarder-coding-test\vendor\laravel\framework\src\Illuminate\View\View.php(85): Illuminate\View\View->renderContents()
#5 K:\PHP7.4\htdocs\laravel\study\shagor-sarder-coding-test\vendor\laravel\framework\src\Illuminate\Http\Response.php(38): Illuminate\View\View->render()
#6 K:\PHP7.4\htdocs\laravel\study\shagor-sarder-coding-test\vendor\symfony\http-foundation\Response.php(206): Illuminate\Http\Response->setContent(Object(Illuminate\View\View))
#7 K:\PHP7.4\htdocs\laravel\study\shagor-sarder-coding-test\vendor\laravel\framework\src\Illuminate\Routing\Router.php(615): Symfony\Component\HttpFoundation\Response->__construct(Object(Illuminate\View\View))
#8 K:\PHP7.4\htdocs\laravel\study\shagor-sarder-coding-test\vendor\laravel\framework\src\Illuminate\Routing\Router.php(572): Illuminate\Routing\Router->prepareResponse(Object(Illuminate\Http\Request), Object(Illuminate\View\View))
#9 K:\PHP7.4\htdocs\laravel\study\shagor-sarder-coding-test\vendor\laravel\framework\src\Illuminate\Routing\Pipeline.php(30): Illuminate\Routing\Router->Illuminate\Routing\{closure}(Object(Illuminate\Http\Request))
#10 K:\PHP7.4\htdocs\laravel\study\shagor-sarder-coding-test\vendor\laravel\framework\src\Illuminate\Routing\Middleware\SubstituteBindings.php(41): Illuminate\Routing\Pipeline->Illuminate\Routing\{closure}(Object(Illuminate\Http\Request))
#11 K:\PHP7.4\htdocs\laravel\study\shagor-sarder-coding-test\vendor\laravel\framework\src\Illuminate\Pipeline\Pipeline.php(148): Illuminate\Routing\Middleware\SubstituteBindings->handle(Object(Illuminate\Http\Request), Object(Closure))
#12 K:\PHP7.4\htdocs\laravel\study\shagor-sarder-coding-test\vendor\laravel\framework\src\Illuminate\Routing\Pipeline.php(53): Illuminate\Pipeline\Pipeline->Illuminate\Pipeline\{closure}(Object(Illuminate\Http\Request))
#13 K:\PHP7.4\htdocs\laravel\study\shagor-sarder-coding-test\vendor\laravel\framework\src\Illuminate\Foundation\Http\Middleware\VerifyCsrfToken.php(65): Illuminate\Routing\Pipeline->Illuminate\Routing\{closure}(Object(Illuminate\Http\Request))
#14 K:\PHP7.4\htdocs\laravel\study\shagor-sarder-coding-test\vendor\laravel\framework\src\Illuminate\Pipeline\Pipeline.php(148): Illuminate\Foundation\Http\Middleware\VerifyCsrfToken->handle(Object(Illuminate\Http\Request), Object(Closure))
#15 K:\PHP7.4\htdocs\laravel\study\shagor-sarder-coding-test\vendor\laravel\framework\src\Illuminate\Routing\Pipeline.php(53): Illuminate\Pipeline\Pipeline->Illuminate\Pipeline\{closure}(Object(Illuminate\Http\Request))
#16 K:\PHP7.4\htdocs\laravel\study\shagor-sarder-coding-test\vendor\laravel\framework\src\Illuminate\View\Middleware\ShareErrorsFromSession.php(49): Illuminate\Routing\Pipeline->Illuminate\Routing\{closure}(Object(Illuminate\Http\Request))
#17 K:\PHP7.4\htdocs\laravel\study\shagor-sarder-coding-test\vendor\laravel\framework\src\Illuminate\Pipeline\Pipeline.php(148): Illuminate\View\Middleware\ShareErrorsFromSession->handle(Object(Illuminate\Http\Request), Object(Closure))
#18 K:\PHP7.4\htdocs\laravel\study\shagor-sarder-coding-test\vendor\laravel\framework\src\Illuminate\Routing\Pipeline.php(53): Illuminate\Pipeline\Pipeline->Illuminate\Pipeline\{closure}(Object(Illuminate\Http\Request))
#19 K:\PHP7.4\htdocs\laravel\study\shagor-sarder-coding-test\vendor\laravel\framework\src\Illuminate\Session\Middleware\StartSession.php(64): Illuminate\Routing\Pipeline->Illuminate\Routing\{closure}(Object(Illuminate\Http\Request))
#20 K:\PHP7.4\htdocs\laravel\study\shagor-sarder-coding-test\vendor\laravel\framework\src\Illuminate\Pipeline\Pipeline.php(148): Illuminate\Session\Middleware\StartSession->handle(Object(Illuminate\Http\Request), Object(Closure))
#21 K:\PHP7.4\htdocs\laravel\study\shagor-sarder-coding-test\vendor\laravel\framework\src\Illuminate\Routing\Pipeline.php(53): Illuminate\Pipeline\Pipeline->Illuminate\Pipeline\{closure}(Object(Illuminate\Http\Request))
#22 K:\PHP7.4\htdocs\laravel\study\shagor-sarder-coding-test\vendor\laravel\framework\src\Illuminate\Cookie\Middleware\AddQueuedCookiesToResponse.php(37): Illuminate\Routing\Pipeline->Illuminate\Routing\{closure}(Object(Illuminate\Http\Request))
#23 K:\PHP7.4\htdocs\laravel\study\shagor-sarder-coding-test\vendor\laravel\framework\src\Illuminate\Pipeline\Pipeline.php(148): Illuminate\Cookie\Middleware\AddQueuedCookiesToResponse->handle(Object(Illuminate\Http\Request), Object(Closure))
#24 K:\PHP7.4\htdocs\laravel\study\shagor-sarder-coding-test\vendor\laravel\framework\src\Illuminate\Routing\Pipeline.php(53): Illuminate\Pipeline\Pipeline->Illuminate\Pipeline\{closure}(Object(Illuminate\Http\Request))
#25 K:\PHP7.4\htdocs\laravel\study\shagor-sarder-coding-test\vendor\laravel\framework\src\Illuminate\Cookie\Middleware\EncryptCookies.php(59): Illuminate\Routing\Pipeline->Illuminate\Routing\{closure}(Object(Illuminate\Http\Request))
#26 K:\PHP7.4\htdocs\laravel\study\shagor-sarder-coding-test\vendor\laravel\framework\src\Illuminate\Pipeline\Pipeline.php(148): Illuminate\Cookie\Middleware\EncryptCookies->handle(Object(Illuminate\Http\Request), Object(Closure))
#27 K:\PHP7.4\htdocs\laravel\study\shagor-sarder-coding-test\vendor\laravel\framework\src\Illuminate\Routing\Pipeline.php(53): Illuminate\Pipeline\Pipeline->Illuminate\Pipeline\{closure}(Object(Illuminate\Http\Request))
#28 K:\PHP7.4\htdocs\laravel\study\shagor-sarder-coding-test\vendor\laravel\framework\src\Illuminate\Pipeline\Pipeline.php(102): Illuminate\Routing\Pipeline->Illuminate\Routing\{closure}(Object(Illuminate\Http\Request))
#29 K:\PHP7.4\htdocs\laravel\study\shagor-sarder-coding-test\vendor\laravel\framework\src\Illuminate\Routing\Router.php(574): Illuminate\Pipeline\Pipeline->then(Object(Closure))
#30 K:\PHP7.4\htdocs\laravel\study\shagor-sarder-coding-test\vendor\laravel\framework\src\Illuminate\Routing\Router.php(533): Illuminate\Routing\Router->runRouteWithinStack(Object(Illuminate\Routing\Route), Object(Illuminate\Http\Request))
#31 K:\PHP7.4\htdocs\laravel\study\shagor-sarder-coding-test\vendor\laravel\framework\src\Illuminate\Routing\Router.php(511): Illuminate\Routing\Router->dispatchToRoute(Object(Illuminate\Http\Request))
#32 K:\PHP7.4\htdocs\laravel\study\shagor-sarder-coding-test\vendor\laravel\framework\src\Illuminate\Foundation\Http\Kernel.php(176): Illuminate\Routing\Router->dispatch(Object(Illuminate\Http\Request))
#33 K:\PHP7.4\htdocs\laravel\study\shagor-sarder-coding-test\vendor\laravel\framework\src\Illuminate\Routing\Pipeline.php(30): Illuminate\Foundation\Http\Kernel->Illuminate\Foundation\Http\{closure}(Object(Illuminate\Http\Request))
#34 K:\PHP7.4\htdocs\laravel\study\shagor-sarder-coding-test\vendor\laravel\framework\src\Illuminate\Foundation\Http\Middleware\TransformsRequest.php(30): Illuminate\Routing\Pipeline->Illuminate\Routing\{closure}(Object(Illuminate\Http\Request))
#35 K:\PHP7.4\htdocs\laravel\study\shagor-sarder-coding-test\vendor\laravel\framework\src\Illuminate\Pipeline\Pipeline.php(148): Illuminate\Foundation\Http\Middleware\TransformsRequest->handle(Object(Illuminate\Http\Request), Object(Closure))
#36 K:\PHP7.4\htdocs\laravel\study\shagor-sarder-coding-test\vendor\laravel\framework\src\Illuminate\Routing\Pipeline.php(53): Illuminate\Pipeline\Pipeline->Illuminate\Pipeline\{closure}(Object(Illuminate\Http\Request))
#37 K:\PHP7.4\htdocs\laravel\study\shagor-sarder-coding-test\vendor\laravel\framework\src\Illuminate\Foundation\Http\Middleware\TransformsRequest.php(30): Illuminate\Routing\Pipeline->Illuminate\Routing\{closure}(Object(Illuminate\Http\Request))
#38 K:\PHP7.4\htdocs\laravel\study\shagor-sarder-coding-test\vendor\laravel\framework\src\Illuminate\Pipeline\Pipeline.php(148): Illuminate\Foundation\Http\Middleware\TransformsRequest->handle(Object(Illuminate\Http\Request), Object(Closure))
#39 K:\PHP7.4\htdocs\laravel\study\shagor-sarder-coding-test\vendor\laravel\framework\src\Illuminate\Routing\Pipeline.php(53): Illuminate\Pipeline\Pipeline->Illuminate\Pipeline\{closure}(Object(Illuminate\Http\Request))
#40 K:\PHP7.4\htdocs\laravel\study\shagor-sarder-coding-test\vendor\laravel\framework\src\Illuminate\Foundation\Http\Middleware\ValidatePostSize.php(27): Illuminate\Routing\Pipeline->Illuminate\Routing\{closure}(Object(Illuminate\Http\Request))
#41 K:\PHP7.4\htdocs\laravel\study\shagor-sarder-coding-test\vendor\laravel\framework\src\Illuminate\Pipeline\Pipeline.php(148): Illuminate\Foundation\Http\Middleware\ValidatePostSize->handle(Object(Illuminate\Http\Request), Object(Closure))
#42 K:\PHP7.4\htdocs\laravel\study\shagor-sarder-coding-test\vendor\laravel\framework\src\Illuminate\Routing\Pipeline.php(53): Illuminate\Pipeline\Pipeline->Illuminate\Pipeline\{closure}(Object(Illuminate\Http\Request))
#43 K:\PHP7.4\htdocs\laravel\study\shagor-sarder-coding-test\vendor\laravel\framework\src\Illuminate\Foundation\Http\Middleware\CheckForMaintenanceMode.php(46): Illuminate\Routing\Pipeline->Illuminate\Routing\{closure}(Object(Illuminate\Http\Request))
#44 K:\PHP7.4\htdocs\laravel\study\shagor-sarder-coding-test\vendor\laravel\framework\src\Illuminate\Pipeline\Pipeline.php(148): Illuminate\Foundation\Http\Middleware\CheckForMaintenanceMode->handle(Object(Illuminate\Http\Request), Object(Closure))
#45 K:\PHP7.4\htdocs\laravel\study\shagor-sarder-coding-test\vendor\laravel\framework\src\Illuminate\Routing\Pipeline.php(53): Illuminate\Pipeline\Pipeline->Illuminate\Pipeline\{closure}(Object(Illuminate\Http\Request))
#46 K:\PHP7.4\htdocs\laravel\study\shagor-sarder-coding-test\vendor\laravel\framework\src\Illuminate\Pipeline\Pipeline.php(102): Illuminate\Routing\Pipeline->Illuminate\Routing\{closure}(Object(Illuminate\Http\Request))
#47 K:\PHP7.4\htdocs\laravel\study\shagor-sarder-coding-test\vendor\laravel\framework\src\Illuminate\Foundation\Http\Kernel.php(151): Illuminate\Pipeline\Pipeline->then(Object(Closure))
#48 K:\PHP7.4\htdocs\laravel\study\shagor-sarder-coding-test\vendor\laravel\framework\src\Illuminate\Foundation\Http\Kernel.php(116): Illuminate\Foundation\Http\Kernel->sendRequestThroughRouter(Object(Illuminate\Http\Request))
#49 K:\PHP7.4\htdocs\laravel\study\shagor-sarder-coding-test\public\index.php(53): Illuminate\Foundation\Http\Kernel->handle(Object(Illuminate\Http\Request))
#50 K:\PHP7.4\htdocs\laravel\study\shagor-sarder-coding-test\server.php(21): require_once('K:\\PHP7.4\\htdoc...')
#51 {main}  
